<?xml version="1.0" encoding="UTF-8"?>
<robot generator="Robot 7.1.1 (Python 3.11.2 on win32)" generated="2025-01-10T20:52:13.922160" rpa="false" schemaversion="5">
<suite id="s1" name="Tests" source="D:\Projects\e2e-kafka\tests">
<suite id="s1-s1" name="Test Kafka 1" source="D:\Projects\e2e-kafka\tests\test_kafka_1.robot">
<test id="s1-s1-t1" name="End-to-End Kafka Test" line="14">
<kw name="Connect Producer" owner="Kafka">
<arg>${BOOTSTRAP_SERVERS}</arg>
<doc>Connect to Kafka as a producer</doc>
<status status="PASS" start="2025-01-10T20:52:13.946160" elapsed="0.001000"/>
</kw>
<kw name="Produce Message" owner="Kafka">
<arg>${TOPIC_AAA}</arg>
<arg>${MESSAGE_KEY}</arg>
<arg>${INPUT_MESSAGE}</arg>
<doc>Produce a message to a topic</doc>
<status status="PASS" start="2025-01-10T20:52:13.947160" elapsed="0.282014"/>
</kw>
<kw name="Connect Consumer" owner="Kafka">
<arg>${BOOTSTRAP_SERVERS}</arg>
<arg>${GROUP_ID}</arg>
<arg>${TOPIC_BBB}</arg>
<doc>Connect to Kafka as a consumer</doc>
<status status="PASS" start="2025-01-10T20:52:14.229174" elapsed="0.000705"/>
</kw>
<kw name="Consume Message" owner="Kafka">
<msg time="2025-01-10T20:52:15.445941" level="INFO">${output} = {"processed1":true}</msg>
<var>${output}</var>
<arg>timeout=30</arg>
<doc>Consume a message from the topic</doc>
<status status="PASS" start="2025-01-10T20:52:14.229879" elapsed="1.216062"/>
</kw>
<kw name="Should Be Equal As Strings" owner="BuiltIn">
<msg time="2025-01-10T20:52:15.446927" level="INFO">Argument types are:
&lt;class 'bytes'&gt;
&lt;class 'str'&gt;</msg>
<arg>${output}</arg>
<arg>${EXPECTED_OUTPUT}</arg>
<doc>Fails if objects are unequal after converting them to strings.</doc>
<status status="PASS" start="2025-01-10T20:52:15.445941" elapsed="0.000986"/>
</kw>
<kw name="Close Consumer" owner="Kafka">
<doc>Close the Kafka consumer</doc>
<status status="PASS" start="2025-01-10T20:52:15.446927" elapsed="0.109000"/>
</kw>
<doc>Test Kafka message production and consumption</doc>
<status status="PASS" start="2025-01-10T20:52:13.946160" elapsed="1.609767"/>
</test>
<status status="PASS" start="2025-01-10T20:52:13.937161" elapsed="1.619766"/>
</suite>
<suite id="s1-s2" name="Test Kafka 2" source="D:\Projects\e2e-kafka\tests\test_kafka_2.robot">
<test id="s1-s2-t1" name="End-to-End Kafka Test" line="14">
<kw name="Connect Producer" owner="Kafka">
<arg>${BOOTSTRAP_SERVERS}</arg>
<doc>Connect to Kafka as a producer</doc>
<status status="PASS" start="2025-01-10T20:52:15.558926" elapsed="0.001000"/>
</kw>
<kw name="Produce Message" owner="Kafka">
<arg>${TOPIC_AAA}</arg>
<arg>${MESSAGE_KEY}</arg>
<arg>${INPUT_MESSAGE}</arg>
<doc>Produce a message to a topic</doc>
<status status="PASS" start="2025-01-10T20:52:15.559926" elapsed="0.264310"/>
</kw>
<kw name="Connect Consumer" owner="Kafka">
<arg>${BOOTSTRAP_SERVERS}</arg>
<arg>${GROUP_ID}</arg>
<arg>${TOPIC_BBB}</arg>
<doc>Connect to Kafka as a consumer</doc>
<status status="PASS" start="2025-01-10T20:52:15.824236" elapsed="0.000000"/>
</kw>
<kw name="Consume Message" owner="Kafka">
<msg time="2025-01-10T20:52:16.866298" level="INFO">${output} = {"processed2":true}</msg>
<var>${output}</var>
<arg>timeout=30</arg>
<doc>Consume a message from the topic</doc>
<status status="PASS" start="2025-01-10T20:52:15.824236" elapsed="1.042062"/>
</kw>
<kw name="Should Be Equal As Strings" owner="BuiltIn">
<msg time="2025-01-10T20:52:16.866298" level="INFO">Argument types are:
&lt;class 'bytes'&gt;
&lt;class 'str'&gt;</msg>
<arg>${output}</arg>
<arg>${EXPECTED_OUTPUT}</arg>
<doc>Fails if objects are unequal after converting them to strings.</doc>
<status status="PASS" start="2025-01-10T20:52:16.866298" elapsed="0.000000"/>
</kw>
<kw name="Close Consumer" owner="Kafka">
<doc>Close the Kafka consumer</doc>
<status status="PASS" start="2025-01-10T20:52:16.866298" elapsed="0.109115"/>
</kw>
<doc>Test Kafka message production and consumption</doc>
<status status="PASS" start="2025-01-10T20:52:15.558926" elapsed="1.416487"/>
</test>
<status status="PASS" start="2025-01-10T20:52:15.556927" elapsed="1.418486"/>
</suite>
<status status="PASS" start="2025-01-10T20:52:13.923160" elapsed="3.053256"/>
</suite>
<statistics>
<total>
<stat pass="2" fail="0" skip="0">All Tests</stat>
</total>
<tag>
</tag>
<suite>
<stat pass="2" fail="0" skip="0" id="s1" name="Tests">Tests</stat>
<stat pass="1" fail="0" skip="0" id="s1-s1" name="Test Kafka 1">Tests.Test Kafka 1</stat>
<stat pass="1" fail="0" skip="0" id="s1-s2" name="Test Kafka 2">Tests.Test Kafka 2</stat>
</suite>
</statistics>
<errors>
</errors>
</robot>
